<?xml version="1.0" encoding="UTF-8"?>
<!-- Generated by org.testng.reporters.JUnitReportReporter -->
<testsuite hostname="MY" name="collections.SetInterface" tests="3" failures="0" timestamp="20 Oct 2019 05:06:51 GMT" time="0.022" errors="0">
  <testcase name="test2" time="0.016" classname="collections.SetInterface"/>
  <testcase name="test1" time="0.002" classname="collections.SetInterface"/>
  <testcase name="test3" time="0.004" classname="collections.SetInterface"/>
</testsuite> <!-- collections.SetInterface -->
