<?xml version="1.0" encoding="UTF-8"?>
<!-- Generated by org.testng.reporters.JUnitReportReporter -->
<testsuite hostname="MY" name="collections.ListInterface" tests="3" failures="0" timestamp="20 Oct 2019 04:29:48 GMT" time="0.026" errors="0">
  <testcase name="test2" time="0.020" classname="collections.ListInterface"/>
  <testcase name="test3" time="0.003" classname="collections.ListInterface"/>
  <testcase name="test4" time="0.003" classname="collections.ListInterface"/>
</testsuite> <!-- collections.ListInterface -->
