<?xml version="1.0" encoding="UTF-8"?>
<!-- Generated by org.testng.reporters.JUnitReportReporter -->
<testsuite hostname="MY" name="collections.MapInterface" tests="1" failures="0" timestamp="20 Oct 2019 05:44:41 GMT" time="0.020" errors="0">
  <testcase name="test2" time="0.020" classname="collections.MapInterface"/>
</testsuite> <!-- collections.MapInterface -->
