<?xml version="1.0" encoding="UTF-8"?>
<!-- Generated by org.testng.reporters.JUnitReportReporter -->
<testsuite hostname="MY" name="BasicAPITesting.TC_Get_or_Create_Record" tests="1" failures="0" timestamp="2 Nov 2019 06:23:01 GMT" time="4.328" errors="0">
  <testcase name="test1" time="4.328" classname="BasicAPITesting.TC_Get_or_Create_Record"/>
</testsuite> <!-- BasicAPITesting.TC_Get_or_Create_Record -->
