<?xml version="1.0" encoding="UTF-8"?>
<!-- Generated by org.testng.reporters.JUnitReportReporter -->
<testsuite hostname="MY" name="BasicAPITesting.TC_Delete_Record" tests="1" failures="0" timestamp="2 Nov 2019 06:41:35 GMT" time="3.370" errors="0">
  <testcase name="test1" time="3.370" classname="BasicAPITesting.TC_Delete_Record"/>
</testsuite> <!-- BasicAPITesting.TC_Delete_Record -->
