<?xml version="1.0" encoding="UTF-8"?>
<!-- Generated by org.testng.reporters.JUnitReportReporter -->
<testsuite hostname="MY" name="BasicAPITesting.TC_Update_Record" tests="1" failures="0" timestamp="2 Nov 2019 06:39:37 GMT" time="3.518" errors="0">
  <testcase name="test1" time="3.518" classname="BasicAPITesting.TC_Update_Record"/>
</testsuite> <!-- BasicAPITesting.TC_Update_Record -->
