<?xml version="1.0" encoding="UTF-8"?>
<!-- Generated by org.testng.reporters.JUnitReportReporter -->
<testsuite hostname="MY" name="BasicAPITesting.TC_GetEmployee_Details" tests="1" failures="0" timestamp="2 Nov 2019 06:42:36 GMT" time="3.391" errors="0">
  <testcase name="test1" time="3.391" classname="BasicAPITesting.TC_GetEmployee_Details"/>
</testsuite> <!-- BasicAPITesting.TC_GetEmployee_Details -->
